<?xml version="1.0" encoding="UTF-8"?>
<!-- Generated by org.testng.reporters.JUnitReportReporter -->
<testsuite hostname="DESKTOP-IGU8UAR" failures="0" tests="3" name="com.testng.TestOne" time="0.015" errors="0" timestamp="2023-03-24T15:39:50 IST" skipped="0">
  <testcase classname="com.testng.TestOne" name="setup" time="0.012"/>
  <system-out/>
  <testcase classname="com.testng.TestOne" name="login" time="0.002"/>
  <system-out/>
  <testcase classname="com.testng.TestOne" name="close" time="0.001"/>
  <system-out/>
</testsuite> <!-- com.testng.TestOne -->
