<?xml version="1.0" encoding="UTF-8"?>
<!-- Generated by org.testng.reporters.JUnitReportReporter -->
<testsuite hostname="DESKTOP-IGU8UAR" failures="0" tests="2" name="com.testng.TestFour" time="0.004" errors="0" timestamp="2023-03-24T15:27:49 IST" skipped="0">
  <testcase classname="com.testng.TestFour" name="settings" time="0.002"/>
  <system-out/>
  <testcase classname="com.testng.TestFour" name="gettingUrl" time="0.002"/>
  <system-out/>
</testsuite> <!-- com.testng.TestFour -->
