<?xml version="1.0" encoding="UTF-8"?>
<!-- Generated by org.testng.reporters.JUnitReportReporter -->
<testsuite hostname="DESKTOP-IGU8UAR" failures="0" tests="3" name="com.testng.AssertionSample" time="0.303" errors="0" timestamp="2023-04-08T11:27:02 IST" skipped="0">
  <testcase classname="com.testng.AssertionSample" name="findPageTitle" time="0.001"/>
  <system-out/>
  <testcase classname="com.testng.AssertionSample" name="findLogo" time="0.057"/>
  <system-out/>
  <testcase classname="com.testng.AssertionSample" name="homePageLogin" time="0.245"/>
  <system-out/>
</testsuite> <!-- com.testng.AssertionSample -->
