<?xml version="1.0" encoding="UTF-8"?>
<!-- Generated by org.testng.reporters.JUnitReportReporter -->
<testsuite hostname="DESKTOP-IGU8UAR" failures="0" tests="2" name="com.testng.Testour" time="0.011" errors="0" timestamp="2023-03-24T15:26:15 IST" skipped="0">
  <testcase classname="com.testng.Testour" name="gettingUrl" time="0.009"/>
  <system-out/>
  <testcase classname="com.testng.Testour" name="settings" time="0.002"/>
  <system-out/>
</testsuite> <!-- com.testng.Testour -->
