<?xml version="1.0" encoding="UTF-8"?>
<!-- Generated by org.testng.reporters.JUnitReportReporter -->
<testsuite hostname="DESKTOP-IGU8UAR" failures="0" tests="3" name="com.testng.SampleDataProvider" time="0.003" errors="0" timestamp="2023-04-08T11:27:02 IST" skipped="0">
  <testcase classname="com.testng.SampleDataProvider" name="login" time="0.001"/>
  <system-out/>
  <testcase classname="com.testng.SampleDataProvider" name="login" time="0.002"/>
  <system-out/>
  <testcase classname="com.testng.SampleDataProvider" name="login" time="0.000"/>
  <system-out/>
</testsuite> <!-- com.testng.SampleDataProvider -->
