<?xml version="1.0" encoding="UTF-8"?>
<!-- Generated by org.testng.reporters.JUnitReportReporter -->
<testsuite hostname="DESKTOP-IGU8UAR" failures="0" tests="3" name="com.testng.TestTwo" time="0.008" errors="0" timestamp="2023-03-24T15:39:50 IST" skipped="0">
  <testcase classname="com.testng.TestTwo" name="login" time="0.003"/>
  <system-out/>
  <testcase classname="com.testng.TestTwo" name="showDetails" time="0.003"/>
  <system-out/>
  <testcase classname="com.testng.TestTwo" name="logout" time="0.002"/>
  <system-out/>
</testsuite> <!-- com.testng.TestTwo -->
