<?xml version="1.0" encoding="UTF-8"?>
<!-- Generated by org.testng.reporters.JUnitReportReporter -->
<testsuite hostname="DESKTOP-IGU8UAR" failures="0" tests="3" name="com.testng.SampleDataProvider" time="0.020" errors="0" timestamp="2023-03-31T15:35:26 IST" skipped="0">
  <testcase classname="com.testng.SampleDataProvider" name="login" time="0.008"/>
  <system-out/>
  <testcase classname="com.testng.SampleDataProvider" name="login" time="0.005"/>
  <system-out/>
  <testcase classname="com.testng.SampleDataProvider" name="login" time="0.007"/>
  <system-out/>
</testsuite> <!-- com.testng.SampleDataProvider -->
