<?xml version="1.0" encoding="UTF-8"?>
<!-- Generated by org.testng.reporters.JUnitReportReporter -->
<testsuite hostname="DESKTOP-IGU8UAR" failures="0" tests="2" name="com.testng.TestingGroups" time="0.015" errors="0" timestamp="2023-03-28T15:29:53 IST" skipped="0">
  <testcase classname="com.testng.TestingGroups" name="test3" time="0.012"/>
  <system-out/>
  <testcase classname="com.testng.TestingGroups" name="test4" time="0.003"/>
  <system-out/>
</testsuite> <!-- com.testng.TestingGroups -->
