<?xml version="1.0" encoding="UTF-8"?>
<!-- Generated by org.testng.reporters.JUnitReportReporter -->
<testsuite hostname="DESKTOP-IGU8UAR" failures="0" tests="4" name="com.testng.TestThree" time="0.011" errors="0" timestamp="2023-03-24T15:39:50 IST" skipped="0">
  <testcase classname="com.testng.TestThree" name="logout" time="0.003"/>
  <system-out/>
  <testcase classname="com.testng.TestThree" name="profile" time="0.004"/>
  <system-out/>
  <testcase classname="com.testng.TestThree" name="signin" time="0.002"/>
  <system-out/>
  <testcase classname="com.testng.TestThree" name="signup" time="0.002"/>
  <system-out/>
</testsuite> <!-- com.testng.TestThree -->
