<?xml version="1.0" encoding="UTF-8"?>
<!-- Generated by org.testng.reporters.JUnitReportReporter -->
<testsuite hostname="DESKTOP-IGU8UAR" failures="0" tests="4" name="com.testng.ParameterSample" time="3.594" errors="0" timestamp="2023-03-28T15:54:28 IST" skipped="0">
  <testcase classname="com.testng.ParameterSample" name="findLogo" time="0.073"/>
  <system-out/>
  <testcase classname="com.testng.ParameterSample" name="findLogo" time="0.057"/>
  <system-out/>
  <testcase classname="com.testng.ParameterSample" name="homePageLogin" time="1.843"/>
  <system-out/>
  <testcase classname="com.testng.ParameterSample" name="homePageLogin" time="1.621"/>
  <system-out/>
</testsuite> <!-- com.testng.ParameterSample -->
