<?xml version="1.0" encoding="UTF-8"?>
<!-- Generated by org.testng.reporters.JUnitReportReporter -->
<testsuite hostname="DESKTOP-IGU8UAR" failures="0" tests="5" name="com.testng.TestingGroups" time="0.025" errors="0" timestamp="2023-04-07T11:24:48 IST" skipped="0">
  <testcase classname="com.testng.TestingGroups" name="test1" time="0.015"/>
  <system-out/>
  <testcase classname="com.testng.TestingGroups" name="test4" time="0.002"/>
  <system-out/>
  <testcase classname="com.testng.TestingGroups" name="test2" time="0.002"/>
  <system-out/>
  <testcase classname="com.testng.TestingGroups" name="test5" time="0.004"/>
  <system-out/>
  <testcase classname="com.testng.TestingGroups" name="test3" time="0.002"/>
  <system-out/>
</testsuite> <!-- com.testng.TestingGroups -->
