<?xml version="1.0" encoding="UTF-8"?>
<!-- Generated by org.testng.reporters.JUnitReportReporter -->
<testsuite hostname="DESKTOP-IGU8UAR" failures="0" tests="3" name="com.testng.SampleDataProvider" time="0.017" errors="0" timestamp="2023-03-29T22:37:12 IST" skipped="0">
  <testcase classname="com.testng.SampleDataProvider" name="login" time="0.009"/>
  <system-out/>
  <testcase classname="com.testng.SampleDataProvider" name="login" time="0.004"/>
  <system-out/>
  <testcase classname="com.testng.SampleDataProvider" name="login" time="0.004"/>
  <system-out/>
</testsuite> <!-- com.testng.SampleDataProvider -->
